0 info it worked if it ends with ok
1 verbose cli [ 'C:\\Program Files\\nodejs\\node.exe',
1 verbose cli   'C:\\Program Files\\nodejs\\node_modules\\npm\\bin\\npm-cli.js',
1 verbose cli   'install' ]
2 info using npm@2.15.9
3 info using node@v4.5.0
4 verbose readDependencies loading dependencies from C:\xampp\htdocs\BrechoAdventure\Public\package.json
5 warn package.json brechoadventure@1.0.0 No description
6 warn package.json brechoadventure@1.0.0 No repository field.
7 warn package.json brechoadventure@1.0.0 No README data
8 verbose install where, deps [ 'C:\\xampp\\htdocs\\BrechoAdventure\\Public',
8 verbose install   [ 'animatejs', 'bootstrap', 'jquery', 'jquery-masked-input' ] ]
9 verbose install where, peers [ 'C:\\xampp\\htdocs\\BrechoAdventure\\Public', [] ]
10 verbose installManyTop reading for lifecycle C:\xampp\htdocs\BrechoAdventure\Public\package.json
11 info preinstall brechoadventure@1.0.0
12 verbose installManyTop reading scoped package data from C:\xampp\htdocs\BrechoAdventure\Public\node_modules\animatejs\package.json
13 verbose installManyTop reading scoped package data from C:\xampp\htdocs\BrechoAdventure\Public\node_modules\bootstrap\package.json
14 verbose installManyTop reading scoped package data from C:\xampp\htdocs\BrechoAdventure\Public\node_modules\jquery\package.json
15 verbose readDependencies loading dependencies from C:\xampp\htdocs\BrechoAdventure\Public\package.json
16 verbose targetResolver reading package data from C:\xampp\htdocs\BrechoAdventure\Public\node_modules\animatejs\package.json
17 verbose targetResolver reading package data from C:\xampp\htdocs\BrechoAdventure\Public\node_modules\bootstrap\package.json
18 verbose targetResolver reading package data from C:\xampp\htdocs\BrechoAdventure\Public\node_modules\jquery\package.json
19 verbose already installed skipping jquery@^3.1.0 C:\xampp\htdocs\BrechoAdventure\Public
20 silly cache add args [ 'jquery-masked-input@^1.4.1', null ]
21 verbose cache add spec jquery-masked-input@^1.4.1
22 silly cache add parsed spec Result {
22 silly cache add   raw: 'jquery-masked-input@^1.4.1',
22 silly cache add   scope: null,
22 silly cache add   name: 'jquery-masked-input',
22 silly cache add   rawSpec: '^1.4.1',
22 silly cache add   spec: '>=1.4.1 <2.0.0',
22 silly cache add   type: 'range' }
23 silly addNamed jquery-masked-input@>=1.4.1 <2.0.0
24 verbose addNamed ">=1.4.1 <2.0.0" is a valid semver range for jquery-masked-input
25 silly addNameRange { name: 'jquery-masked-input',
25 silly addNameRange   range: '>=1.4.1 <2.0.0',
25 silly addNameRange   hasData: false }
26 silly mapToRegistry name jquery-masked-input
27 silly mapToRegistry using default registry
28 silly mapToRegistry registry https://registry.npmjs.org/
29 silly mapToRegistry data Result {
29 silly mapToRegistry   raw: 'jquery-masked-input',
29 silly mapToRegistry   scope: null,
29 silly mapToRegistry   name: 'jquery-masked-input',
29 silly mapToRegistry   rawSpec: '',
29 silly mapToRegistry   spec: 'latest',
29 silly mapToRegistry   type: 'tag' }
30 silly mapToRegistry uri https://registry.npmjs.org/jquery-masked-input
31 verbose addNameRange registry:https://registry.npmjs.org/jquery-masked-input not in flight; fetching
32 verbose already installed skipping animatejs@^1.0.1 C:\xampp\htdocs\BrechoAdventure\Public
33 verbose already installed skipping bootstrap@^3.3.7 C:\xampp\htdocs\BrechoAdventure\Public
34 verbose request uri https://registry.npmjs.org/jquery-masked-input
35 verbose request no auth needed
36 info attempt registry request try #1 at 14:34:15
37 verbose request id 4945ada5001276a8
38 verbose etag "93C91KMHWSC0CCC2WCC40WTBS"
39 http request GET https://registry.npmjs.org/jquery-masked-input
40 http 304 https://registry.npmjs.org/jquery-masked-input
41 verbose headers { date: 'Mon, 19 Sep 2016 17:34:45 GMT',
41 verbose headers   via: '1.1 varnish',
41 verbose headers   'cache-control': 'max-age=300',
41 verbose headers   etag: '"93C91KMHWSC0CCC2WCC40WTBS"',
41 verbose headers   age: '0',
41 verbose headers   connection: 'keep-alive',
41 verbose headers   'x-served-by': 'cache-gru7124-GRU',
41 verbose headers   'x-cache': 'MISS',
41 verbose headers   'x-cache-hits': '0',
41 verbose headers   'x-timer': 'S1474306485.289110,VS0,VE195',
41 verbose headers   vary: 'Accept-Encoding' }
42 silly get cb [ 304,
42 silly get   { date: 'Mon, 19 Sep 2016 17:34:45 GMT',
42 silly get     via: '1.1 varnish',
42 silly get     'cache-control': 'max-age=300',
42 silly get     etag: '"93C91KMHWSC0CCC2WCC40WTBS"',
42 silly get     age: '0',
42 silly get     connection: 'keep-alive',
42 silly get     'x-served-by': 'cache-gru7124-GRU',
42 silly get     'x-cache': 'MISS',
42 silly get     'x-cache-hits': '0',
42 silly get     'x-timer': 'S1474306485.289110,VS0,VE195',
42 silly get     vary: 'Accept-Encoding' } ]
43 verbose etag https://registry.npmjs.org/jquery-masked-input from cache
44 verbose get saving jquery-masked-input to C:\Users\roliveira\AppData\Roaming\npm-cache\registry.npmjs.org\jquery-masked-input\.cache.json
45 verbose correctMkdir C:\Users\roliveira\AppData\Roaming\npm-cache correctMkdir not in flight; initializing
46 silly addNameRange number 2 { name: 'jquery-masked-input',
46 silly addNameRange   range: '>=1.4.1 <2.0.0',
46 silly addNameRange   hasData: true }
47 silly addNameRange versions [ 'jquery-masked-input', [ '0.1.2' ] ]
48 verbose stack Error: No compatible version found: jquery-masked-input@'>=1.4.1 <2.0.0'
48 verbose stack Valid install targets:
48 verbose stack ["0.1.2"]
48 verbose stack
48 verbose stack     at installTargetsError (C:\Program Files\nodejs\node_modules\npm\lib\cache\add-named.js:284:12)
48 verbose stack     at next (C:\Program Files\nodejs\node_modules\npm\lib\cache\add-named.js:262:19)
48 verbose stack     at setData (C:\Program Files\nodejs\node_modules\npm\lib\cache\add-named.js:236:5)
48 verbose stack     at RES (C:\Program Files\nodejs\node_modules\npm\node_modules\inflight\inflight.js:23:14)
48 verbose stack     at f (C:\Program Files\nodejs\node_modules\npm\node_modules\once\once.js:17:25)
48 verbose stack     at fixName (C:\Program Files\nodejs\node_modules\npm\lib\cache\add-named.js:29:5)
48 verbose stack     at saved (C:\Program Files\nodejs\node_modules\npm\lib\cache\caching-client.js:173:7)
48 verbose stack     at C:\Program Files\nodejs\node_modules\npm\node_modules\graceful-fs\polyfills.js:210:7
48 verbose stack     at FSReqWrap.oncomplete (fs.js:82:15)
49 verbose cwd C:\xampp\htdocs\BrechoAdventure\Public
50 error Windows_NT 10.0.14393
51 error argv "C:\\Program Files\\nodejs\\node.exe" "C:\\Program Files\\nodejs\\node_modules\\npm\\bin\\npm-cli.js" "install"
52 error node v4.5.0
53 error npm  v2.15.9
54 error code ETARGET
55 error notarget No compatible version found: jquery-masked-input@'>=1.4.1 <2.0.0'
55 error notarget Valid install targets:
55 error notarget ["0.1.2"]
55 error notarget
55 error notarget This is most likely not a problem with npm itself.
55 error notarget In most cases you or one of your dependencies are requesting
55 error notarget a package version that doesn't exist.
55 error notarget
55 error notarget It was specified as a dependency of 'brechoadventure'
56 verbose exit [ 1, true ]
